<?xml version="1.0" encoding="UTF-8"?>
<Site BuildName="Win32-MSBuild"
	BuildStamp="20240210-0511-Experimental"
	Name="LAPTOP-JHS0VIAA"
	Generator="ctest-3.27.2-msvc1"
	CompilerName="C:/Program Files/Microsoft Visual Studio/2022/Community/VC/Tools/MSVC/14.38.33130/bin/Hostx64/x86/cl.exe"
	CompilerVersion="19.38.33134.0"
	OSName="Windows"
	Hostname="LAPTOP-JHS0VIAA"
	OSRelease=" Personal"
	OSVersion=" (Build 22621)"
	OSPlatform="AMD64"
	Is64Bits="1"
	VendorString="AuthenticAMD"
	VendorID="Advanced Micro Devices"
	FamilyID="15"
	ModelID="0"
	ProcessorCacheSize="64"
	NumberOfLogicalCPU="16"
	NumberOfPhysicalCPU="8"
	TotalVirtualMemory="75116"
	TotalPhysicalMemory="65388"
	LogicalProcessorsPerPhysical="2"
	ProcessorClockFrequency="3196"
	>
	<Testing>
		<StartDateTime>Feb 10 15:00 Pacific Standard Time</StartDateTime>
		<StartTestTime>1707606044</StartTestTime>
		<TestList/>
		<EndDateTime>Feb 10 15:00 Pacific Standard Time</EndDateTime>
		<EndTestTime>1707606044</EndTestTime>
		<ElapsedMinutes>0</ElapsedMinutes>
	</Testing>
</Site>
